0 info it worked if it ends with ok
1 verbose cli [ '/Users/mohanrathour/.nvm/v0.10.40/bin/node',
1 verbose cli   '/Users/mohanrathour/.nvm/v0.10.40/bin/npm',
1 verbose cli   'install',
1 verbose cli   'async',
1 verbose cli   '--save' ]
2 info using npm@1.4.28
3 info using node@v0.10.40
4 error Failed to parse json
4 error Unexpected token }
5 error File: /Users/mohanrathour/Desktop/local-workspace/environment-app/package.json
6 error Failed to parse package.json data.
6 error package.json must be actual JSON, not just JavaScript.
6 error
6 error This is not a bug in npm.
6 error Tell the package author to fix their package.json file. JSON.parse
7 error System Darwin 14.5.0
8 error command "/Users/mohanrathour/.nvm/v0.10.40/bin/node" "/Users/mohanrathour/.nvm/v0.10.40/bin/npm" "install" "async" "--save"
9 error cwd /Users/mohanrathour/Desktop/local-workspace/environment-app
10 error node -v v0.10.40
11 error npm -v 1.4.28
12 error file /Users/mohanrathour/Desktop/local-workspace/environment-app/package.json
13 error code EJSONPARSE
14 verbose exit [ 1, true ]
